Base path: 'C:/Program Files/Unity/Hub/Editor/2019.4.5f1/Editor/Data', plugins path 'C:/Program Files/Unity/Hub/Editor/2019.4.5f1/Editor/Data/PlaybackEngines'
Cmd: initializeCompiler
<<<<<<< HEAD
=======
<<<<<<< HEAD
=======
<<<<<<< HEAD
=======
<<<<<<< HEAD
=======
Cmd: preprocess
  insize=1369 outsize=572 ok=1
Cmd: preprocess
  insize=1630 outsize=748 ok=1
Cmd: preprocess
  insize=2876 outsize=839 ok=1
Cmd: preprocess
  insize=2920 outsize=907 ok=1
>>>>>>> b548c6c787245a37bf6b9705eff00bb1af01cc9c
>>>>>>> 9dd47b9d1982779048f33a714ca70ee921731a22
>>>>>>> 414d38c777b63732db49283c7f70657447997ee4
>>>>>>> f8ace17035818d76c8ed9afb238a318b2d69e6a2
